<?xml version="1.0" encoding="UTF-8"?>
<!-- Generated by org.testng.reporters.JUnitReportReporter -->
<testsuite skipped="0" hostname="DESKTOP-734BKIN" name="com.testcases.GreatOutdoors_Testcases" tests="1" failures="0" timestamp="30 Sep 2020 16:12:40 GMT" time="1.037" errors="0">
  <testcase name="login" time="1.037" classname="com.testcases.GreatOutdoors_Testcases"/>
</testsuite> <!-- com.testcases.GreatOutdoors_Testcases -->
